<<<<<<< HEAD
﻿Build started 2016/5/11 14:16:05.
     1>Project "D:\work\hechuzhu\learn_opengl\LearnOpenGL\projects\1-get_started\hello_triangle\hello_triangle.vcxproj" on node 2 (Build target(s)).
     1>ClCompile:
         D:\Program Files (x86)\Microsoft Visual Studio 12.0\VC\bin\CL.exe /c /ZI /nologo /W3 /WX- /sdl /Od /Oy- /D WIN32 /D _DEBUG /D _CONSOLE /D _LIB /D _UNICODE /D UNICODE /Gm /EHsc /RTC1 /MDd /GS /fp:precise /Zc:wchar_t /Zc:forScope /Fo"Debug\\" /Fd"Debug\vc120.pdb" /Gd /TP /analyze- /errorReport:prompt hellotriangle2.cpp
         hellotriangle2.cpp
       Link:
         D:\Program Files (x86)\Microsoft Visual Studio 12.0\VC\bin\link.exe /ERRORREPORT:PROMPT /OUT:"D:\work\hechuzhu\learn_opengl\LearnOpenGL\projects\1-get_started\hello_triangle\Debug\hello_triangle.exe" /INCREMENTAL /NOLOGO opengl32.lib glew32s.lib glfw3dll.lib kernel32.lib user32.lib gdi32.lib winspool.lib comdlg32.lib advapi32.lib shell32.lib ole32.lib oleaut32.lib uuid.lib odbc32.lib odbccp32.lib /NODEFAULTLIB:libcmt.lib /MANIFEST /MANIFESTUAC:"level='asInvoker' uiAccess='false'" /manifest:embed /DEBUG /PDB:"D:\work\hechuzhu\learn_opengl\LearnOpenGL\projects\1-get_started\hello_triangle\Debug\hello_triangle.pdb" /SUBSYSTEM:CONSOLE /TLBID:1 /DYNAMICBASE /NXCOMPAT /IMPLIB:"D:\work\hechuzhu\learn_opengl\LearnOpenGL\projects\1-get_started\hello_triangle\Debug\hello_triangle.lib" /MACHINE:X86 Debug\hellotriangle2.obj
         hello_triangle.vcxproj -> D:\work\hechuzhu\learn_opengl\LearnOpenGL\projects\1-get_started\hello_triangle\Debug\hello_triangle.exe
     1>Done Building Project "D:\work\hechuzhu\learn_opengl\LearnOpenGL\projects\1-get_started\hello_triangle\hello_triangle.vcxproj" (Build target(s)).

Build succeeded.

Time Elapsed 00:00:00.82
=======
﻿Build started 2016/5/10 19:58:51.
     1>Project "D:\hechuzhu\learn_opengl\LearnOpenGL\projects\1-get_started\hello_triangle\hello_triangle.vcxproj" on node 2 (Build target(s)).
     1>ClCompile:
         C:\Program Files (x86)\Microsoft Visual Studio 12.0\VC\bin\CL.exe /c /ZI /nologo /W3 /WX- /sdl /Od /Oy- /D WIN32 /D _DEBUG /D _CONSOLE /D _LIB /D _UNICODE /D UNICODE /Gm /EHsc /RTC1 /MDd /GS /fp:precise /Zc:wchar_t /Zc:forScope /Fo"Debug\\" /Fd"Debug\vc120.pdb" /Gd /TP /analyze- /errorReport:prompt hellotriangle2.cpp
         hellotriangle2.cpp
       Link:
         C:\Program Files (x86)\Microsoft Visual Studio 12.0\VC\bin\link.exe /ERRORREPORT:PROMPT /OUT:"D:\hechuzhu\learn_opengl\LearnOpenGL\projects\1-get_started\hello_triangle\Debug\hello_triangle.exe" /INCREMENTAL /NOLOGO opengl32.lib glew32s.lib glfw3dll.lib kernel32.lib user32.lib gdi32.lib winspool.lib comdlg32.lib advapi32.lib shell32.lib ole32.lib oleaut32.lib uuid.lib odbc32.lib odbccp32.lib kernel32.lib user32.lib gdi32.lib winspool.lib comdlg32.lib advapi32.lib shell32.lib ole32.lib oleaut32.lib uuid.lib odbc32.lib odbccp32.lib /NODEFAULTLIB:libcmt.lib /MANIFEST /MANIFESTUAC:"level='asInvoker' uiAccess='false'" /manifest:embed /DEBUG /PDB:"D:\hechuzhu\learn_opengl\LearnOpenGL\projects\1-get_started\hello_triangle\Debug\hello_triangle.pdb" /SUBSYSTEM:CONSOLE /TLBID:1 /DYNAMICBASE /NXCOMPAT /IMPLIB:"D:\hechuzhu\learn_opengl\LearnOpenGL\projects\1-get_started\hello_triangle\Debug\hello_triangle.lib" /MACHINE:X86 Debug\hellotriangle2.obj
         hello_triangle.vcxproj -> D:\hechuzhu\learn_opengl\LearnOpenGL\projects\1-get_started\hello_triangle\Debug\hello_triangle.exe
     1>Done Building Project "D:\hechuzhu\learn_opengl\LearnOpenGL\projects\1-get_started\hello_triangle\hello_triangle.vcxproj" (Build target(s)).

Build succeeded.

Time Elapsed 00:00:00.75
>>>>>>> 59ae59cfca24dd55936f35b8e21c6e7d28ea6ac7
